SF:lib/data/models/product_model.dart
DA:55,1
DA:71,0
DA:89,1
DA:90,0
DA:91,1
DA:92,1
DA:93,1
DA:94,1
DA:95,2
DA:96,2
DA:97,2
DA:98,1
DA:99,1
DA:100,1
DA:101,2
DA:102,0
DA:103,0
DA:104,0
DA:105,0
DA:109,1
DA:110,1
DA:111,1
DA:112,1
DA:113,1
DA:114,1
DA:115,1
DA:116,1
DA:117,1
DA:118,1
DA:119,1
DA:120,1
DA:121,2
DA:122,1
DA:123,1
DA:124,1
DA:128,0
DA:129,0
DA:130,0
DA:131,0
DA:132,0
DA:133,0
DA:134,0
DA:135,0
DA:136,0
DA:137,0
DA:138,0
DA:139,0
DA:140,0
DA:141,0
DA:142,0
DA:143,0
DA:144,0
LF:52
LH:29
end_of_record
SF:lib/data/models/product_model.g.dart
DA:13,0
DA:15,0
DA:16,0
DA:17,0
DA:19,0
DA:20,0
DA:21,0
DA:22,0
DA:23,0
DA:24,0
DA:25,0
DA:26,0
DA:27,0
DA:28,0
DA:29,0
DA:30,0
DA:31,0
DA:32,0
DA:33,0
DA:34,0
DA:38,0
DA:41,0
DA:42,0
DA:43,0
DA:44,0
DA:45,0
DA:46,0
DA:47,0
DA:48,0
DA:49,0
DA:50,0
DA:51,0
DA:52,0
DA:53,0
DA:54,0
DA:55,0
DA:56,0
DA:57,0
DA:58,0
DA:59,0
DA:60,0
DA:61,0
DA:62,0
DA:63,0
DA:64,0
DA:65,0
DA:66,0
DA:67,0
DA:68,0
DA:69,0
DA:70,0
DA:71,0
DA:74,0
DA:75,0
DA:77,0
DA:80,0
DA:81,0
DA:82,0
LF:58
LH:0
end_of_record
SF:lib/data/repositories/product_repository_impl.dart
DA:17,1
DA:23,1
DA:25,2
DA:27,2
DA:29,1
DA:32,2
DA:36,2
DA:38,2
DA:40,1
DA:42,2
DA:43,1
DA:44,1
DA:47,2
DA:48,1
DA:49,0
DA:52,1
DA:54,3
DA:59,2
DA:60,2
DA:65,2
DA:68,2
DA:71,4
DA:72,3
DA:78,2
DA:79,2
DA:81,0
DA:82,0
DA:83,0
DA:84,0
DA:85,0
DA:86,0
DA:87,0
DA:88,0
DA:89,0
DA:90,0
DA:91,0
DA:92,0
DA:93,0
DA:94,0
DA:95,0
DA:100,1
DA:102,1
DA:104,0
DA:109,0
DA:111,0
DA:113,0
DA:115,0
DA:117,0
DA:119,0
DA:121,0
DA:123,0
DA:124,0
DA:125,0
DA:126,0
DA:128,0
DA:130,0
DA:135,0
DA:136,0
DA:138,0
DA:139,0
DA:140,0
DA:141,0
DA:142,0
DA:143,0
DA:144,0
DA:145,0
DA:146,0
DA:147,0
DA:148,0
DA:149,0
DA:150,0
DA:151,0
DA:152,0
DA:153,0
DA:154,0
DA:155,0
DA:156,0
DA:157,0
DA:162,0
DA:164,0
DA:166,0
DA:171,0
DA:174,0
DA:175,0
DA:177,0
DA:178,0
DA:179,0
DA:180,0
DA:181,0
DA:182,0
DA:183,0
DA:184,0
DA:185,0
DA:186,0
DA:187,0
DA:188,0
DA:189,0
DA:190,0
DA:191,0
DA:192,0
DA:197,0
DA:198,0
DA:200,0
DA:204,0
DA:207,0
DA:209,0
DA:210,0
DA:211,0
DA:212,0
DA:213,0
DA:214,0
DA:215,0
DA:216,0
DA:217,0
DA:218,0
DA:219,0
DA:220,0
DA:221,0
DA:222,0
DA:223,0
DA:227,0
DA:230,0
DA:234,0
DA:237,0
DA:238,0
DA:241,0
LF:126
LH:26
end_of_record
SF:lib/core/errors/failures.dart
DA:3,1
DA:7,1
DA:11,0
DA:15,0
LF:4
LH:2
end_of_record
SF:lib/core/network/api_client.dart
DA:7,0
DA:8,0
DA:9,0
DA:10,0
DA:11,0
DA:21,0
DA:22,0
LF:7
LH:0
end_of_record
SF:lib/core/network/network_info.dart
DA:10,0
DA:12,0
DA:14,0
DA:15,0
LF:4
LH:0
end_of_record
SF:lib/data/datasources/db_service.dart
DA:15,0
DA:19,0
DA:22,0
DA:23,0
DA:26,0
DA:27,0
DA:28,0
DA:31,0
DA:32,0
DA:33,0
DA:35,0
DA:38,0
DA:39,0
DA:40,0
DA:42,0
DA:45,0
DA:46,0
DA:47,0
DA:49,0
DA:52,0
DA:53,0
DA:56,0
DA:57,0
LF:23
LH:0
end_of_record
SF:lib/domain/entities/product.dart
DA:18,3
DA:36,6
LF:2
LH:2
end_of_record
SF:lib/domain/usecases/get_products.dart
DA:10,1
DA:15,1
DA:17,1
DA:19,4
LF:4
LH:4
end_of_record
SF:lib/domain/usecases/search_products.dart
DA:9,0
DA:11,0
DA:13,0
LF:3
LH:0
end_of_record
SF:lib/domain/usecases/toggle_favorite.dart
DA:9,0
DA:11,0
DA:13,0
DA:14,0
DA:16,0
LF:5
LH:0
end_of_record
SF:lib/presentation/controllers/product_controller.dart
DA:14,0
DA:35,0
DA:37,0
DA:38,0
DA:39,0
DA:41,0
DA:46,0
DA:47,0
DA:50,0
DA:52,0
DA:53,0
DA:54,0
DA:57,0
DA:58,0
DA:59,0
DA:60,0
DA:61,0
DA:62,0
DA:66,0
DA:68,0
DA:69,0
DA:70,0
DA:71,0
DA:74,0
DA:76,0
DA:77,0
DA:79,0
DA:82,0
DA:84,0
DA:85,0
DA:86,0
DA:87,0
DA:89,0
DA:90,0
DA:91,0
DA:93,0
DA:94,0
DA:98,0
DA:99,0
DA:102,0
DA:103,0
DA:106,0
DA:107,0
DA:108,0
DA:109,0
DA:113,0
DA:114,0
DA:115,0
DA:117,0
DA:118,0
DA:119,0
DA:120,0
DA:121,0
DA:123,0
DA:124,0
DA:128,0
DA:131,0
DA:132,0
DA:133,0
DA:134,0
DA:135,0
DA:141,0
DA:142,0
DA:146,0
DA:147,0
LF:65
LH:0
end_of_record
SF:lib/domain/usecases/get_favorites.dart
DA:9,0
DA:11,0
DA:13,0
LF:3
LH:0
end_of_record
SF:lib/presentation/controllers/favorites_controller.dart
DA:9,0
DA:15,0
DA:17,0
DA:18,0
DA:21,0
DA:22,0
DA:23,0
DA:24,0
DA:25,0
DA:26,0
DA:28,0
LF:11
LH:0
end_of_record
SF:lib/main.dart
DA:7,0
DA:8,0
DA:10,0
DA:12,0
DA:16,3
DA:18,1
DA:20,1
DA:25,1
DA:26,1
DA:30,1
DA:36,1
LF:11
LH:7
end_of_record
SF:lib/presentation/pages/product_list_screen.dart
DA:8,2
DA:10,1
DA:12,1
DA:13,1
DA:14,2
DA:15,1
DA:16,1
DA:18,0
DA:20,1
DA:22,0
DA:26,1
DA:27,1
DA:28,1
DA:30,1
DA:31,2
DA:32,1
DA:33,1
DA:35,2
DA:37,0
DA:38,0
DA:42,1
DA:43,2
DA:44,3
DA:48,3
DA:49,0
DA:52,3
DA:53,3
DA:56,0
DA:57,0
DA:58,0
DA:59,0
DA:67,0
DA:68,0
DA:69,0
DA:72,0
DA:73,0
DA:75,0
DA:76,0
LF:38
LH:22
end_of_record
SF:lib/core/di/injection_container.dart
DA:18,0
DA:20,0
DA:21,0
DA:22,0
DA:24,0
DA:25,0
DA:26,0
DA:29,0
DA:30,0
DA:31,0
DA:32,0
DA:36,0
DA:37,0
DA:38,0
DA:39,0
DA:42,0
DA:43,0
DA:44,0
DA:45,0
DA:46,0
DA:48,0
DA:49,0
LF:22
LH:0
end_of_record
SF:lib/presentation/controllers/settings_controller.dart
DA:10,0
DA:12,0
DA:13,0
DA:16,0
DA:17,0
DA:18,0
DA:19,0
DA:20,0
DA:22,0
DA:23,0
DA:26,0
DA:27,0
DA:28,0
DA:29,0
DA:31,0
DA:32,0
DA:36,0
DA:37,0
DA:38,0
DA:39,0
DA:42,0
DA:43,0
DA:44,0
DA:46,0
DA:48,0
DA:49,0
LF:26
LH:0
end_of_record
SF:lib/routes/app_pages.dart
DA:12,3
DA:13,1
DA:15,1
DA:17,1
DA:19,0
DA:21,1
DA:23,0
DA:25,1
DA:27,0
LF:9
LH:6
end_of_record
SF:lib/translations/app_translations.dart
DA:4,1
DA:5,1
DA:6,1
DA:20,1
LF:4
LH:4
end_of_record
SF:lib/presentation/pages/favorites_screen.dart
DA:8,2
DA:10,0
DA:13,0
DA:15,0
DA:16,0
DA:17,0
DA:18,0
DA:21,0
DA:22,0
DA:24,0
DA:32,0
DA:33,0
DA:34,0
DA:35,0
DA:37,0
LF:15
LH:1
end_of_record
SF:lib/presentation/widgets/product_card.dart
DA:11,1
DA:18,1
DA:20,1
DA:21,1
DA:22,1
DA:24,2
DA:25,1
DA:27,1
DA:28,1
DA:29,1
DA:30,1
DA:32,1
DA:33,2
DA:37,2
DA:38,1
DA:39,1
DA:40,1
DA:42,0
DA:45,1
DA:48,1
DA:49,1
DA:51,1
DA:58,1
DA:62,1
DA:66,1
DA:68,1
DA:70,1
DA:71,1
DA:72,2
DA:75,4
DA:78,1
DA:79,1
DA:80,1
DA:81,3
DA:82,1
DA:89,1
DA:90,4
DA:91,4
DA:99,1
DA:100,1
DA:101,1
DA:102,1
DA:103,5
DA:104,1
DA:105,1
DA:106,1
DA:107,1
DA:108,1
DA:109,2
LF:49
LH:48
end_of_record
SF:lib/presentation/pages/product_detail_screen.dart
DA:8,2
DA:10,0
DA:12,0
DA:14,0
DA:16,0
DA:17,0
DA:18,0
DA:19,0
DA:22,0
DA:23,0
DA:24,0
DA:28,0
DA:29,0
DA:31,0
DA:35,0
DA:36,0
DA:37,0
DA:39,0
DA:41,0
DA:42,0
DA:43,0
DA:44,0
DA:45,0
DA:48,0
DA:49,0
DA:50,0
DA:55,0
DA:56,0
DA:57,0
DA:59,0
DA:60,0
DA:70,0
DA:71,0
DA:80,0
DA:83,0
DA:84,0
DA:85,0
DA:86,0
DA:88,0
DA:94,0
DA:95,0
DA:103,0
DA:104,0
DA:115,0
DA:117,0
DA:122,0
DA:123,0
DA:124,0
DA:127,0
DA:128,0
DA:129,0
DA:130,0
DA:131,0
DA:133,0
DA:136,0
DA:137,0
DA:139,0
DA:140,0
DA:143,0
DA:145,0
DA:147,0
DA:148,0
DA:149,0
DA:151,0
DA:152,0
DA:153,0
DA:154,0
DA:165,0
DA:176,0
DA:177,0
DA:179,0
DA:181,0
DA:182,0
DA:184,0
DA:192,0
DA:193,0
LF:76
LH:1
end_of_record
SF:lib/presentation/pages/settings_screen.dart
DA:7,2
DA:9,0
DA:11,0
DA:12,0
DA:13,0
DA:14,0
DA:15,0
DA:16,0
DA:17,0
DA:18,0
DA:20,0
DA:21,0
DA:22,0
DA:23,0
DA:24,0
DA:25,0
DA:26,0
DA:28,0
DA:29,0
DA:33,0
DA:34,0
DA:35,0
DA:36,0
DA:37,0
DA:38,0
DA:39,0
LF:26
LH:1
end_of_record
